<?xml version="1.0" encoding="UTF-8"?>
<testsuites name="TS visual" time="29.543" tests="1" failures="0" errors="0">
   <testsuite name="TS visual" tests="1" failures="0" errors="0" time="29.543" skipped="0" timestamp="2023-08-03 15:34:41" hostname="vanmai - 172.16.1.99" id="Test Suites/TS visual">
      <properties>
         <property name="deviceName" value=""/>
         <property name="devicePlatform" value=""/>
         <property name="logFolder" value="/Users/vanmai/git/clothes-katalon/Reports/20230803_153433/TS visual/20230803_153433"/>
         <property name="logFiles" value="/Users/vanmai/git/clothes-katalon/Reports/20230803_153433/TS visual/20230803_153433/execution0.log"/>
         <property name="attachments" value="keyes/keyes-addressnew.png"/>
         <property name="hostName" value="vanmai - 172.16.1.99"/>
         <property name="os" value="Mac OS X 64bit"/>
         <property name="katalonVersion" value="8.6.5.208"/>
         <property name="browser" value="Chrome 115.0.0.0"/>
         <property name="hostAddress" value="172.16.1.99"/>
         <property name="sessionId" value="e6f96c7fb11ef94dce5edce1aea2f5b1"/>
         <property name="seleniumVersion" value="3.141.59"/>
         <property name="proxyInformation" value="ProxyInformation { proxyOption=NO_PROXY, proxyServerType=HTTP, username=, password=********, proxyServerAddress=, proxyServerPort=0, executionList=&quot;&quot;, isApplyToDesiredCapabilities=true }"/>
         <property name="platform" value="Mac OS X"/>
      </properties>
      <testcase name="Test Cases/Add a new address" time="29.34" classname="Test Cases/Add a new address" status="PASSED">
         <system-out><![CDATA[2023-08-03 15:34:41 - [TEST_CASE][PASSED] - Test Cases/Add a new address: Test Cases/Add a new address

2023-08-03 15:34:41 - [TEST_STEP][PASSED] - openBrowser(""): Browser is opened with url: ''

2023-08-03 15:34:41 - [MESSAGE][INFO] - Starting 'Chrome' driver

2023-08-03 15:34:41 - [MESSAGE][INFO] - Action delay is set to 0 milliseconds

2023-08-03 15:34:44 - [MESSAGE][PASSED] - Browser is opened with url: ''

2023-08-03 15:34:44 - [TEST_STEP][PASSED] - maximizeWindow(): Current window maximized

2023-08-03 15:34:44 - [MESSAGE][PASSED] - Current window maximized

2023-08-03 15:34:44 - [TEST_STEP][PASSED] - navigateToUrl("https://crane-brothers.com/"): Navigate to 'https://crane-brothers.com/' successfully

2023-08-03 15:34:46 - [MESSAGE][PASSED] - Navigate to 'https://crane-brothers.com/' successfully

2023-08-03 15:34:46 - [TEST_STEP][PASSED] - click(findTestObject("Menu_Account")): Object: 'Object Repository/Menu_Account' is clicked on

2023-08-03 15:34:53 - [MESSAGE][PASSED] - Object: 'Object Repository/Menu_Account' is clicked on

2023-08-03 15:34:53 - [TEST_STEP][PASSED] - setText(findTestObject("email_login"), "miancloud@gmail.com"): Text 'miancloud@gmail.com' is set on object 'Object Repository/email_login'

2023-08-03 15:34:56 - [MESSAGE][PASSED] - Text 'miancloud@gmail.com' is set on object 'Object Repository/email_login'

2023-08-03 15:34:56 - [TEST_STEP][PASSED] - setEncryptedText(findTestObject("password_login"), "y99X49qQ/aTapx2EjkpmCw=="): Text ****** has been set on object 'Object Repository/password_login'

2023-08-03 15:34:57 - [MESSAGE][PASSED] - Text ****** has been set on object 'Object Repository/password_login'

2023-08-03 15:34:57 - [TEST_STEP][PASSED] - click(findTestObject("login_button")): Object: 'Object Repository/login_button' is clicked on

2023-08-03 15:34:59 - [MESSAGE][PASSED] - Object: 'Object Repository/login_button' is clicked on

2023-08-03 15:34:59 - [TEST_STEP][PASSED] - click(findTestObject("view_address")): Object: 'Object Repository/view_address' is clicked on

2023-08-03 15:35:02 - [MESSAGE][PASSED] - Object: 'Object Repository/view_address' is clicked on

2023-08-03 15:35:02 - [TEST_STEP][PASSED] - click(findTestObject("Add_new_address")): Object: 'Object Repository/Add_new_address' is clicked on

2023-08-03 15:35:05 - [MESSAGE][PASSED] - Object: 'Object Repository/Add_new_address' is clicked on

2023-08-03 15:35:05 - [TEST_STEP][PASSED] - setText(findTestObject("first_name"), "test"): Text 'test' is set on object 'Object Repository/first_name'

2023-08-03 15:35:05 - [MESSAGE][PASSED] - Text 'test' is set on object 'Object Repository/first_name'

2023-08-03 15:35:05 - [TEST_STEP][PASSED] - setText(findTestObject("lastname"), "test"): Text 'test' is set on object 'Object Repository/lastname'

2023-08-03 15:35:06 - [MESSAGE][PASSED] - Text 'test' is set on object 'Object Repository/lastname'

2023-08-03 15:35:06 - [TEST_STEP][PASSED] - takeFullPageScreenshotAsCheckpoint("addressnew"): Taking screenshot successfully

2023-08-03 15:35:08 - [MESSAGE][INFO] - 0 hidden object(s)

2023-08-03 15:35:08 - [MESSAGE][PASSED] - Taking screenshot successfully
[[ATTACHMENT|keyes/keyes-addressnew.png]]

2023-08-03 15:35:08 - [TEST_STEP][PASSED] - click(findTestObject("add_address_button")): Object: 'Object Repository/add_address_button' is clicked on

2023-08-03 15:35:10 - [MESSAGE][PASSED] - Object: 'Object Repository/add_address_button' is clicked on

2023-08-03 15:35:10 - [TEST_STEP][PASSED] - closeBrowser(): Browser is closed

2023-08-03 15:35:10 - [MESSAGE][PASSED] - Browser is closed]]></system-out>
         <system-err><![CDATA[]]></system-err>
      </testcase>
      <system-out><![CDATA[2023-08-03 15:34:41 - [TEST_SUITE][PASSED] - TS visual: Test Cases/Add a new address]]></system-out>
      <system-err><![CDATA[]]></system-err>
   </testsuite>
</testsuites>
