<?xml version="1.0" encoding="UTF-8"?>
<testsuites name="TS_Login" time="22.537" tests="1" failures="0" errors="0">
   <testsuite name="TS_Login" tests="1" failures="0" errors="0" time="22.537" skipped="0" timestamp="2023-08-23 15:56:15" hostname="vanmai - 192.168.107.80" id="Test Suites/TS_Login">
      <properties>
         <property name="deviceName" value=""/>
         <property name="devicePlatform" value=""/>
         <property name="logFolder" value="/Users/vanmai/Documents/clothes-katalon/Reports/20230823_155606/TS_Login/20230823_155606"/>
         <property name="logFiles" value="/Users/vanmai/Documents/clothes-katalon/Reports/20230823_155606/TS_Login/20230823_155606/execution0.log"/>
         <property name="attachments" value=""/>
         <property name="hostName" value="vanmai - 192.168.107.80"/>
         <property name="os" value="Mac OS X 64bit"/>
         <property name="katalonVersion" value="8.6.7.beta.208"/>
         <property name="browser" value="Edge Chromium 116"/>
         <property name="hostAddress" value="192.168.107.80"/>
         <property name="sessionId" value="82715b23e9a8e5c308f50717c32314b0"/>
         <property name="seleniumVersion" value="3.141.59"/>
         <property name="proxyInformation" value="ProxyInformation { proxyOption=NO_PROXY, proxyServerType=HTTP, username=, password=********, proxyServerAddress=, proxyServerPort=0, executionList=&quot;&quot;, isApplyToDesiredCapabilities=true }"/>
         <property name="platform" value="Mac OS X"/>
      </properties>
      <testcase name="Test Cases/TES-1 Login into website" time="22.052" classname="Test Cases/TES-1 Login into website" status="PASSED">
         <system-out><![CDATA[2023-08-23 15:56:15 - [TEST_CASE][PASSED] - Test Cases/TES-1 Login into website: Test Cases/TES-1 Login into website

2023-08-23 15:56:16 - [TEST_STEP][PASSED] - runFeatureFile("Include/features/TES-1 Login into website.feature"): Feature file: 'Include/features/TES-1 Login into website.feature' was passed

2023-08-23 15:56:16 - [MESSAGE][INFO] - Starting run keyword runFeatureFile: 'Include/features/TES-1 Login into website.feature' and extract report to folder: '/Users/vanmai/Documents/clothes-katalon/Reports/20230823_155606/TS_Login/20230823_155606/cucumber_report/1692780976224'...

2023-08-23 15:56:16 - [TEST_CASE][PASSED] - Start Test Case : SCENARIO Login with valid account: SCENARIO Login with valid account

2023-08-23 15:56:16 - [TEST_STEP][PASSED] - User is on login pgae: User is on login pgae

2023-08-23 15:56:17 - [MESSAGE][INFO] - Starting 'Edge Chromium' driver

2023-08-23 15:56:18 - [MESSAGE][INFO] - Action delay is set to 0 milliseconds

2023-08-23 15:56:21 - [MESSAGE][PASSED] - Browser is opened with url: ''

2023-08-23 15:56:21 - [MESSAGE][PASSED] - Current window maximized

2023-08-23 15:56:24 - [MESSAGE][PASSED] - Navigate to 'https://crane-brothers.com/' successfully

2023-08-23 15:56:30 - [MESSAGE][PASSED] - Object: 'Object Repository/Menu_Account' is clicked on

2023-08-23 15:56:30 - [MESSAGE][PASSED] - User is on login pgae

2023-08-23 15:56:30 - [TEST_STEP][PASSED] - User enters username: User enters username

2023-08-23 15:56:32 - [MESSAGE][PASSED] - Text 'miancloud@gmail.com' is set on object 'Object Repository/email_login'

2023-08-23 15:56:32 - [MESSAGE][PASSED] - User enters username

2023-08-23 15:56:32 - [TEST_STEP][PASSED] - User enters password: User enters password

2023-08-23 15:56:33 - [MESSAGE][PASSED] - Text ****** has been set on object 'Object Repository/password_login'

2023-08-23 15:56:33 - [MESSAGE][PASSED] - User enters password

2023-08-23 15:56:33 - [TEST_STEP][PASSED] - User clicks on login button: User clicks on login button

2023-08-23 15:56:35 - [MESSAGE][PASSED] - Object: 'Object Repository/login_button' is clicked on

2023-08-23 15:56:35 - [MESSAGE][PASSED] - User clicks on login button

2023-08-23 15:56:35 - [TEST_STEP][PASSED] - User can be login successfully: User can be login successfully

2023-08-23 15:56:37 - [MESSAGE][PASSED] - Object 'Object Repository/My Account' is present

2023-08-23 15:56:37 - [MESSAGE][PASSED] - Browser is closed

2023-08-23 15:56:37 - [MESSAGE][PASSED] - User can be login successfully

2023-08-23 15:56:37 - [MESSAGE][PASSED] - Feature file: 'Include/features/TES-1 Login into website.feature' was passed]]></system-out>
         <system-err><![CDATA[]]></system-err>
      </testcase>
      <system-out><![CDATA[2023-08-23 15:56:15 - [TEST_SUITE][PASSED] - TS_Login: Test Cases/TES-1 Login into website]]></system-out>
      <system-err><![CDATA[]]></system-err>
   </testsuite>
</testsuites>
