<?xml version="1.0" encoding="UTF-8"?>
<testsuites name="TS_Verify user can search the exist items in the system" time="66.82" tests="1" failures="0" errors="0">
   <testsuite name="TS_Verify user can search the exist items in the system" tests="1" failures="0" errors="0" time="66.82" skipped="0" timestamp="2023-08-24 16:25:13" hostname="vanmai - 192.168.107.80" id="Test Suites/TS_Verify user can search the exist items in the system">
      <properties>
         <property name="deviceName" value=""/>
         <property name="devicePlatform" value=""/>
         <property name="logFolder" value="/Users/vanmai/Documents/clothes-katalon/Reports/20230824_162504/TS_Verify user can search the exist items in the system/20230824_162505"/>
         <property name="logFiles" value="/Users/vanmai/Documents/clothes-katalon/Reports/20230824_162504/TS_Verify user can search the exist items in the system/20230824_162505/execution0.log"/>
         <property name="attachments" value=""/>
         <property name="hostName" value="vanmai - 192.168.107.80"/>
         <property name="os" value="Mac OS X 64bit"/>
         <property name="katalonVersion" value="8.6.7.beta.208"/>
         <property name="browser" value="Edge Chromium 116"/>
         <property name="hostAddress" value="172.16.1.205"/>
         <property name="sessionId" value="c9b7743f69952beaadd778c2fc14c71d"/>
         <property name="seleniumVersion" value="3.141.59"/>
         <property name="proxyInformation" value="ProxyInformation { proxyOption=NO_PROXY, proxyServerType=HTTP, username=, password=********, proxyServerAddress=, proxyServerPort=0, executionList=&quot;&quot;, isApplyToDesiredCapabilities=true }"/>
         <property name="platform" value="Mac OS X"/>
      </properties>
      <testcase name="Test Cases/Search" time="66.604" classname="Test Cases/Search" status="PASSED">
         <system-out><![CDATA[2023-08-24 16:25:13 - [TEST_CASE][PASSED] - Test Cases/Search: Test Cases/Search

2023-08-24 16:25:13 - [TEST_STEP][PASSED] - openBrowser(""): Browser is opened with url: ''

2023-08-24 16:25:14 - [MESSAGE][INFO] - Starting 'Edge Chromium' driver

2023-08-24 16:25:15 - [MESSAGE][INFO] - Action delay is set to 0 milliseconds

2023-08-24 16:25:17 - [MESSAGE][PASSED] - Browser is opened with url: ''

2023-08-24 16:25:17 - [TEST_STEP][PASSED] - maximizeWindow(): Current window maximized

2023-08-24 16:25:17 - [MESSAGE][PASSED] - Current window maximized

2023-08-24 16:25:17 - [TEST_STEP][PASSED] - navigateToUrl("https://crane-brothers.com/"): Navigate to 'https://crane-brothers.com/' successfully

2023-08-24 16:25:45 - [MESSAGE][PASSED] - Navigate to 'https://crane-brothers.com/' successfully

2023-08-24 16:25:45 - [TEST_STEP][PASSED] - click(findTestObject("menu_search")): Object: 'Object Repository/menu_search' is clicked on

2023-08-24 16:25:51 - [MESSAGE][PASSED] - Object: 'Object Repository/menu_search' is clicked on

2023-08-24 16:25:51 - [TEST_STEP][PASSED] - setText(findTestObject("search_bar"), "T-shirt"): Text 'T-shirt' is set on object 'Object Repository/search_bar'

2023-08-24 16:25:52 - [MESSAGE][PASSED] - Text 'T-shirt' is set on object 'Object Repository/search_bar'

2023-08-24 16:25:52 - [TEST_STEP][PASSED] - click(findTestObject("search_button")): Object: 'Object Repository/search_button' is clicked on

2023-08-24 16:26:19 - [MESSAGE][PASSED] - Object: 'Object Repository/search_button' is clicked on

2023-08-24 16:26:19 - [TEST_STEP][PASSED] - closeBrowser(): Browser is closed

2023-08-24 16:26:20 - [MESSAGE][PASSED] - Browser is closed]]></system-out>
         <system-err><![CDATA[]]></system-err>
      </testcase>
      <system-out><![CDATA[2023-08-24 16:25:13 - [TEST_SUITE][PASSED] - TS_Verify user can search the exist items in the system: Test Cases/Search]]></system-out>
      <system-err><![CDATA[]]></system-err>
   </testsuite>
</testsuites>
