<?xml version="1.0" encoding="UTF-8"?>
<testsuites name="TS_01" time="23.598" tests="1" failures="0" errors="0">
   <testsuite name="TS_01" tests="1" failures="0" errors="0" time="23.598" skipped="0" timestamp="2023-08-23 13:43:10" hostname="vanmai - 192.168.107.80" id="Test Suites/TS_01">
      <properties>
         <property name="deviceName" value=""/>
         <property name="devicePlatform" value=""/>
         <property name="logFolder" value="/Users/vanmai/Documents/clothes-katalon/Reports/20230823_134302/TS_01/20230823_134302"/>
         <property name="logFiles" value="/Users/vanmai/Documents/clothes-katalon/Reports/20230823_134302/TS_01/20230823_134302/execution0.log"/>
         <property name="attachments" value="keyes/keyes-login_form.png, keyes/keyes-login_with_acc.png"/>
         <property name="hostName" value="vanmai - 192.168.107.80"/>
         <property name="os" value="Mac OS X 64bit"/>
         <property name="katalonVersion" value="8.6.7.beta.208"/>
         <property name="browser" value="Edge Chromium 116"/>
         <property name="hostAddress" value="192.168.107.80"/>
         <property name="sessionId" value="dc14c3d00947d4fc9452970dbb6954be"/>
         <property name="seleniumVersion" value="3.141.59"/>
         <property name="proxyInformation" value="ProxyInformation { proxyOption=NO_PROXY, proxyServerType=HTTP, username=, password=********, proxyServerAddress=, proxyServerPort=0, executionList=&quot;&quot;, isApplyToDesiredCapabilities=true }"/>
         <property name="platform" value="Mac OS X"/>
      </properties>
      <testcase name="Test Cases/Login" time="23.382" classname="Test Cases/Login" status="PASSED">
         <system-out><![CDATA[2023-08-23 13:43:10 - [TEST_CASE][PASSED] - Test Cases/Login: Test Cases/Login

2023-08-23 13:43:10 - [TEST_STEP][PASSED] - openBrowser(""): Browser is opened with url: ''

2023-08-23 13:43:10 - [MESSAGE][INFO] - Starting 'Edge Chromium' driver

2023-08-23 13:43:11 - [MESSAGE][INFO] - Action delay is set to 0 milliseconds

2023-08-23 13:43:14 - [MESSAGE][PASSED] - Browser is opened with url: ''

2023-08-23 13:43:14 - [TEST_STEP][PASSED] - maximizeWindow(): Current window maximized

2023-08-23 13:43:14 - [MESSAGE][PASSED] - Current window maximized

2023-08-23 13:43:14 - [TEST_STEP][PASSED] - navigateToUrl("https://crane-brothers.com/"): Navigate to 'https://crane-brothers.com/' successfully

2023-08-23 13:43:16 - [MESSAGE][PASSED] - Navigate to 'https://crane-brothers.com/' successfully

2023-08-23 13:43:16 - [TEST_STEP][PASSED] - click(findTestObject("Menu_Account")): Object: 'Object Repository/Menu_Account' is clicked on

2023-08-23 13:43:22 - [MESSAGE][PASSED] - Object: 'Object Repository/Menu_Account' is clicked on

2023-08-23 13:43:22 - [TEST_STEP][PASSED] - takeElementScreenshotAsCheckpoint("login_form", findTestObject("LoginObject")): Taking screenshot successfully

2023-08-23 13:43:22 - [MESSAGE][WARNING] - Timeout '0' is invalid. Using default page load timeout: '30'

2023-08-23 13:43:26 - [MESSAGE][INFO] - 0 hidden object(s)

2023-08-23 13:43:26 - [MESSAGE][PASSED] - Taking screenshot successfully
[[ATTACHMENT|keyes/keyes-login_form.png]]

2023-08-23 13:43:26 - [TEST_STEP][PASSED] - setText(findTestObject("email_login"), "miancloud@gmail.com"): Text 'miancloud@gmail.com' is set on object 'Object Repository/email_login'

2023-08-23 13:43:27 - [MESSAGE][PASSED] - Text 'miancloud@gmail.com' is set on object 'Object Repository/email_login'

2023-08-23 13:43:27 - [TEST_STEP][PASSED] - setEncryptedText(findTestObject("password_login"), "y99X49qQ/aTapx2EjkpmCw=="): Text ****** has been set on object 'Object Repository/password_login'

2023-08-23 13:43:27 - [MESSAGE][PASSED] - Text ****** has been set on object 'Object Repository/password_login'

2023-08-23 13:43:27 - [TEST_STEP][PASSED] - takeElementScreenshotAsCheckpoint("login_with_acc", findTestObject("LoginObject")): Taking screenshot successfully

2023-08-23 13:43:27 - [MESSAGE][WARNING] - Timeout '0' is invalid. Using default page load timeout: '30'

2023-08-23 13:43:28 - [MESSAGE][INFO] - 0 hidden object(s)

2023-08-23 13:43:29 - [MESSAGE][PASSED] - Taking screenshot successfully
[[ATTACHMENT|keyes/keyes-login_with_acc.png]]

2023-08-23 13:43:29 - [TEST_STEP][PASSED] - click(findTestObject("login_button")): Object: 'Object Repository/login_button' is clicked on

2023-08-23 13:43:31 - [MESSAGE][PASSED] - Object: 'Object Repository/login_button' is clicked on

2023-08-23 13:43:31 - [TEST_STEP][PASSED] - verifyElementPresent(findTestObject("My Account"), 5): Object 'Object Repository/My Account' is present

2023-08-23 13:43:33 - [MESSAGE][PASSED] - Object 'Object Repository/My Account' is present

2023-08-23 13:43:33 - [TEST_STEP][PASSED] - closeBrowser(): Browser is closed

2023-08-23 13:43:33 - [MESSAGE][PASSED] - Browser is closed]]></system-out>
         <system-err><![CDATA[]]></system-err>
      </testcase>
      <system-out><![CDATA[2023-08-23 13:43:10 - [TEST_SUITE][PASSED] - TS_01: Test Cases/Login]]></system-out>
      <system-err><![CDATA[]]></system-err>
   </testsuite>
</testsuites>
