<?xml version="1.0" encoding="UTF-8"?>
<testsuites name="TS_01" time="0.759" tests="8" failures="0" errors="8">
   <testsuite name="TS_01" tests="8" failures="0" errors="8" time="0.759" skipped="0" timestamp="2023-07-29 01:56:16" hostname="vanmai - 172.16.1.42" id="Test Suites/TS_01">
      <properties>
         <property name="deviceName" value=""/>
         <property name="devicePlatform" value=""/>
         <property name="logFolder" value="/Users/vanmai/git/clothes-katalon/Reports/20230729_015611/TS_01/20230729_015612"/>
         <property name="logFiles" value="/Users/vanmai/git/clothes-katalon/Reports/20230729_015611/TS_01/20230729_015612/execution0.log"/>
         <property name="attachments" value=""/>
         <property name="hostName" value="vanmai - 172.16.1.42"/>
         <property name="hostAddress" value="172.16.1.42"/>
         <property name="os" value="Mac OS X 64bit"/>
         <property name="katalonVersion" value="8.6.5.208"/>
      </properties>
      <testcase name="Test Cases/Login" time="0.004" classname="Test Cases/Login" status="ERROR">
         <error type="ERROR" message="Test Cases/Login has ERROR(s).
Reason:
java.io.FileNotFoundException: File '' does not exist"/>
         <system-out><![CDATA[2023-07-29 01:56:16 - [TEST_CASE][ERROR] - Test Cases/Login: Test Cases/Login has ERROR(s).
Reason:
java.io.FileNotFoundException: File '' does not exist]]></system-out>
         <system-err><![CDATA[2023-07-29 01:56:16 - [TEST_CASE][ERROR] - Test Cases/Login: Test Cases/Login has ERROR(s).
Reason:
java.io.FileNotFoundException: File '' does not exist]]></system-err>
      </testcase>
      <testcase name="Test Cases/Logout" time="0.012" classname="Test Cases/Logout" status="ERROR">
         <error type="ERROR" message="Test Cases/Logout has ERROR(s).
Reason:
java.io.FileNotFoundException: File '' does not exist"/>
         <system-out><![CDATA[2023-07-29 01:56:16 - [TEST_CASE][ERROR] - Test Cases/Logout: Test Cases/Logout has ERROR(s).
Reason:
java.io.FileNotFoundException: File '' does not exist]]></system-out>
         <system-err><![CDATA[2023-07-29 01:56:16 - [TEST_CASE][ERROR] - Test Cases/Logout: Test Cases/Logout has ERROR(s).
Reason:
java.io.FileNotFoundException: File '' does not exist]]></system-err>
      </testcase>
      <testcase name="Test Cases/Cart" time="0.003" classname="Test Cases/Cart" status="ERROR">
         <error type="ERROR" message="Test Cases/Cart has ERROR(s).
Reason:
java.io.FileNotFoundException: File '' does not exist"/>
         <system-out><![CDATA[2023-07-29 01:56:16 - [TEST_CASE][ERROR] - Test Cases/Cart: Test Cases/Cart has ERROR(s).
Reason:
java.io.FileNotFoundException: File '' does not exist]]></system-out>
         <system-err><![CDATA[2023-07-29 01:56:16 - [TEST_CASE][ERROR] - Test Cases/Cart: Test Cases/Cart has ERROR(s).
Reason:
java.io.FileNotFoundException: File '' does not exist]]></system-err>
      </testcase>
      <testcase name="Test Cases/Channge currency" time="0.004" classname="Test Cases/Channge currency" status="ERROR">
         <error type="ERROR" message="Test Cases/Channge currency has ERROR(s).
Reason:
java.io.FileNotFoundException: File '' does not exist"/>
         <system-out><![CDATA[2023-07-29 01:56:16 - [TEST_CASE][ERROR] - Test Cases/Channge currency: Test Cases/Channge currency has ERROR(s).
Reason:
java.io.FileNotFoundException: File '' does not exist]]></system-out>
         <system-err><![CDATA[2023-07-29 01:56:16 - [TEST_CASE][ERROR] - Test Cases/Channge currency: Test Cases/Channge currency has ERROR(s).
Reason:
java.io.FileNotFoundException: File '' does not exist]]></system-err>
      </testcase>
      <testcase name="Test Cases/Add a new address" time="0.002" classname="Test Cases/Add a new address" status="ERROR">
         <error type="ERROR" message="Test Cases/Add a new address has ERROR(s).
Reason:
java.io.FileNotFoundException: File '' does not exist"/>
         <system-out><![CDATA[2023-07-29 01:56:16 - [TEST_CASE][ERROR] - Test Cases/Add a new address: Test Cases/Add a new address has ERROR(s).
Reason:
java.io.FileNotFoundException: File '' does not exist]]></system-out>
         <system-err><![CDATA[2023-07-29 01:56:16 - [TEST_CASE][ERROR] - Test Cases/Add a new address: Test Cases/Add a new address has ERROR(s).
Reason:
java.io.FileNotFoundException: File '' does not exist]]></system-err>
      </testcase>
      <testcase name="Test Cases/Shop Whats New" time="0.002" classname="Test Cases/Shop Whats New" status="ERROR">
         <error type="ERROR" message="Test Cases/Shop Whats New has ERROR(s).
Reason:
java.io.FileNotFoundException: File '' does not exist"/>
         <system-out><![CDATA[2023-07-29 01:56:16 - [TEST_CASE][ERROR] - Test Cases/Shop Whats New: Test Cases/Shop Whats New has ERROR(s).
Reason:
java.io.FileNotFoundException: File '' does not exist]]></system-out>
         <system-err><![CDATA[2023-07-29 01:56:16 - [TEST_CASE][ERROR] - Test Cases/Shop Whats New: Test Cases/Shop Whats New has ERROR(s).
Reason:
java.io.FileNotFoundException: File '' does not exist]]></system-err>
      </testcase>
      <testcase name="Test Cases/Search" time="0.003" classname="Test Cases/Search" status="ERROR">
         <error type="ERROR" message="Test Cases/Search has ERROR(s).
Reason:
java.io.FileNotFoundException: File '' does not exist"/>
         <system-out><![CDATA[2023-07-29 01:56:16 - [TEST_CASE][ERROR] - Test Cases/Search: Test Cases/Search has ERROR(s).
Reason:
java.io.FileNotFoundException: File '' does not exist]]></system-out>
         <system-err><![CDATA[2023-07-29 01:56:16 - [TEST_CASE][ERROR] - Test Cases/Search: Test Cases/Search has ERROR(s).
Reason:
java.io.FileNotFoundException: File '' does not exist]]></system-err>
      </testcase>
      <testcase name="Test Cases/Add to cart" time="0.002" classname="Test Cases/Add to cart" status="ERROR">
         <error type="ERROR" message="Test Cases/Add to cart has ERROR(s).
Reason:
java.io.FileNotFoundException: File '' does not exist"/>
         <system-out><![CDATA[2023-07-29 01:56:16 - [TEST_CASE][ERROR] - Test Cases/Add to cart: Test Cases/Add to cart has ERROR(s).
Reason:
java.io.FileNotFoundException: File '' does not exist]]></system-out>
         <system-err><![CDATA[2023-07-29 01:56:16 - [TEST_CASE][ERROR] - Test Cases/Add to cart: Test Cases/Add to cart has ERROR(s).
Reason:
java.io.FileNotFoundException: File '' does not exist]]></system-err>
      </testcase>
      <system-out><![CDATA[2023-07-29 01:56:16 - [TEST_SUITE][ERROR] - TS_01: Test Cases/Login has ERROR(s).
Reason:
java.io.FileNotFoundException: File '' does not exist]]></system-out>
      <system-err><![CDATA[2023-07-29 01:56:16 - [TEST_SUITE][ERROR] - TS_01: Test Cases/Login has ERROR(s).
Reason:
java.io.FileNotFoundException: File '' does not exist]]></system-err>
   </testsuite>
</testsuites>
