<?xml version="1.0" encoding="UTF-8"?>
<testsuites name="TS visual" time="29.688" tests="1" failures="0" errors="0">
   <testsuite name="TS visual" tests="1" failures="0" errors="0" time="29.688" skipped="0" timestamp="2023-08-03 14:40:09" hostname="vanmai - 172.16.1.99" id="Test Suites/TS visual">
      <properties>
         <property name="deviceName" value=""/>
         <property name="devicePlatform" value=""/>
         <property name="logFolder" value="/Users/vanmai/git/clothes-katalon/Reports/20230803_144001/TS visual/20230803_144001"/>
         <property name="logFiles" value="/Users/vanmai/git/clothes-katalon/Reports/20230803_144001/TS visual/20230803_144001/execution0.log"/>
         <property name="attachments" value="keyes/keyes-address.png"/>
         <property name="hostName" value="vanmai - 172.16.1.99"/>
         <property name="os" value="Mac OS X 64bit"/>
         <property name="katalonVersion" value="8.6.5.208"/>
         <property name="browser" value="Chrome 115.0.0.0"/>
         <property name="hostAddress" value="172.16.1.99"/>
         <property name="sessionId" value="abb6b64dea79f6de1755184c58448914"/>
         <property name="seleniumVersion" value="3.141.59"/>
         <property name="proxyInformation" value="ProxyInformation { proxyOption=NO_PROXY, proxyServerType=HTTP, username=, password=********, proxyServerAddress=, proxyServerPort=0, executionList=&quot;&quot;, isApplyToDesiredCapabilities=true }"/>
         <property name="platform" value="Mac OS X"/>
      </properties>
      <testcase name="Test Cases/Add a new address" time="29.483" classname="Test Cases/Add a new address" status="PASSED">
         <system-out><![CDATA[2023-08-03 14:40:09 - [TEST_CASE][PASSED] - Test Cases/Add a new address: Test Cases/Add a new address

2023-08-03 14:40:09 - [TEST_STEP][PASSED] - openBrowser(""): Browser is opened with url: ''

2023-08-03 14:40:09 - [MESSAGE][INFO] - Starting 'Chrome' driver

2023-08-03 14:40:09 - [MESSAGE][INFO] - Action delay is set to 0 milliseconds

2023-08-03 14:40:12 - [MESSAGE][PASSED] - Browser is opened with url: ''

2023-08-03 14:40:12 - [TEST_STEP][PASSED] - maximizeWindow(): Current window maximized

2023-08-03 14:40:13 - [MESSAGE][PASSED] - Current window maximized

2023-08-03 14:40:13 - [TEST_STEP][PASSED] - navigateToUrl("https://crane-brothers.com/"): Navigate to 'https://crane-brothers.com/' successfully

2023-08-03 14:40:15 - [MESSAGE][PASSED] - Navigate to 'https://crane-brothers.com/' successfully

2023-08-03 14:40:15 - [TEST_STEP][PASSED] - click(findTestObject("Menu_Account")): Object: 'Object Repository/Menu_Account' is clicked on

2023-08-03 14:40:24 - [MESSAGE][PASSED] - Object: 'Object Repository/Menu_Account' is clicked on

2023-08-03 14:40:24 - [TEST_STEP][PASSED] - setText(findTestObject("email_login"), "miancloud@gmail.com"): Text 'miancloud@gmail.com' is set on object 'Object Repository/email_login'

2023-08-03 14:40:26 - [MESSAGE][PASSED] - Text 'miancloud@gmail.com' is set on object 'Object Repository/email_login'

2023-08-03 14:40:26 - [TEST_STEP][PASSED] - setEncryptedText(findTestObject("password_login"), "y99X49qQ/aTapx2EjkpmCw=="): Text ****** has been set on object 'Object Repository/password_login'

2023-08-03 14:40:27 - [MESSAGE][PASSED] - Text ****** has been set on object 'Object Repository/password_login'

2023-08-03 14:40:27 - [TEST_STEP][PASSED] - click(findTestObject("login_button")): Object: 'Object Repository/login_button' is clicked on

2023-08-03 14:40:29 - [MESSAGE][PASSED] - Object: 'Object Repository/login_button' is clicked on

2023-08-03 14:40:29 - [TEST_STEP][PASSED] - click(findTestObject("view_address")): Object: 'Object Repository/view_address' is clicked on

2023-08-03 14:40:32 - [MESSAGE][PASSED] - Object: 'Object Repository/view_address' is clicked on

2023-08-03 14:40:32 - [TEST_STEP][PASSED] - click(findTestObject("Add_new_address")): Object: 'Object Repository/Add_new_address' is clicked on

2023-08-03 14:40:33 - [MESSAGE][PASSED] - Object: 'Object Repository/Add_new_address' is clicked on

2023-08-03 14:40:33 - [TEST_STEP][PASSED] - setText(findTestObject("first_name"), "test"): Text 'test' is set on object 'Object Repository/first_name'

2023-08-03 14:40:35 - [MESSAGE][PASSED] - Text 'test' is set on object 'Object Repository/first_name'

2023-08-03 14:40:35 - [TEST_STEP][PASSED] - setText(findTestObject("lastname"), "test"): Text 'test' is set on object 'Object Repository/lastname'

2023-08-03 14:40:35 - [MESSAGE][PASSED] - Text 'test' is set on object 'Object Repository/lastname'

2023-08-03 14:40:35 - [TEST_STEP][PASSED] - takeScreenshotAsCheckpoint("address"): Taking screenshot successfully

2023-08-03 14:40:36 - [MESSAGE][INFO] - 0 hidden object(s)

2023-08-03 14:40:37 - [MESSAGE][PASSED] - Taking screenshot successfully
[[ATTACHMENT|keyes/keyes-address.png]]

2023-08-03 14:40:37 - [TEST_STEP][PASSED] - click(findTestObject("add_address_button")): Object: 'Object Repository/add_address_button' is clicked on

2023-08-03 14:40:38 - [MESSAGE][PASSED] - Object: 'Object Repository/add_address_button' is clicked on

2023-08-03 14:40:38 - [TEST_STEP][PASSED] - closeBrowser(): Browser is closed

2023-08-03 14:40:39 - [MESSAGE][PASSED] - Browser is closed]]></system-out>
         <system-err><![CDATA[]]></system-err>
      </testcase>
      <system-out><![CDATA[2023-08-03 14:40:09 - [TEST_SUITE][PASSED] - TS visual: Test Cases/Add a new address]]></system-out>
      <system-err><![CDATA[]]></system-err>
   </testsuite>
</testsuites>
