<?xml version="1.0" encoding="UTF-8"?>
<testsuites name="TS visual" time="30.022" tests="1" failures="0" errors="0">
   <testsuite name="TS visual" tests="1" failures="0" errors="0" time="30.022" skipped="0" timestamp="2023-08-04 11:56:16" hostname="vanmai - 172.16.1.99" id="Test Suites/TS visual">
      <properties>
         <property name="deviceName" value=""/>
         <property name="devicePlatform" value=""/>
         <property name="logFolder" value="/Users/vanmai/git/clothes-katalon/Reports/20230804_115607/TS visual/20230804_115608"/>
         <property name="logFiles" value="/Users/vanmai/git/clothes-katalon/Reports/20230804_115607/TS visual/20230804_115608/execution0.log"/>
         <property name="attachments" value="keyes/keyes-login_form.png, keyes/keyes-login_with_acc.png"/>
         <property name="hostName" value="vanmai - 172.16.1.99"/>
         <property name="os" value="Mac OS X 64bit"/>
         <property name="katalonVersion" value="8.6.5.208"/>
         <property name="browser" value="Chrome 115.0.0.0"/>
         <property name="hostAddress" value="172.16.1.99"/>
         <property name="sessionId" value="5f0dcd4db0933f7a0a062ef7b7545338"/>
         <property name="seleniumVersion" value="3.141.59"/>
         <property name="proxyInformation" value="ProxyInformation { proxyOption=NO_PROXY, proxyServerType=HTTP, username=, password=********, proxyServerAddress=, proxyServerPort=0, executionList=&quot;&quot;, isApplyToDesiredCapabilities=true }"/>
         <property name="platform" value="Mac OS X"/>
      </properties>
      <testcase name="Test Cases/Login" time="29.826" classname="Test Cases/Login" status="PASSED">
         <system-out><![CDATA[2023-08-04 11:56:17 - [TEST_CASE][PASSED] - Test Cases/Login: Test Cases/Login

2023-08-04 11:56:17 - [TEST_STEP][PASSED] - openBrowser(""): Browser is opened with url: ''

2023-08-04 11:56:17 - [MESSAGE][INFO] - Starting 'Chrome' driver

2023-08-04 11:56:17 - [MESSAGE][INFO] - Action delay is set to 0 milliseconds

2023-08-04 11:56:20 - [MESSAGE][PASSED] - Browser is opened with url: ''

2023-08-04 11:56:20 - [TEST_STEP][PASSED] - maximizeWindow(): Current window maximized

2023-08-04 11:56:20 - [MESSAGE][PASSED] - Current window maximized

2023-08-04 11:56:20 - [TEST_STEP][PASSED] - navigateToUrl("https://crane-brothers.com/"): Navigate to 'https://crane-brothers.com/' successfully

2023-08-04 11:56:26 - [MESSAGE][PASSED] - Navigate to 'https://crane-brothers.com/' successfully

2023-08-04 11:56:26 - [TEST_STEP][PASSED] - click(findTestObject("Menu_Account")): Object: 'Object Repository/Menu_Account' is clicked on

2023-08-04 11:56:33 - [MESSAGE][PASSED] - Object: 'Object Repository/Menu_Account' is clicked on

2023-08-04 11:56:33 - [TEST_STEP][PASSED] - takeElementScreenshotAsCheckpoint("login_form", findTestObject("LoginObject")): Taking screenshot successfully

2023-08-04 11:56:33 - [MESSAGE][WARNING] - Timeout '0' is invalid. Using default page load timeout: '30'

2023-08-04 11:56:37 - [MESSAGE][INFO] - 0 hidden object(s)

2023-08-04 11:56:37 - [MESSAGE][PASSED] - Taking screenshot successfully
[[ATTACHMENT|keyes/keyes-login_form.png]]

2023-08-04 11:56:37 - [TEST_STEP][PASSED] - setText(findTestObject("email_login"), "miancloud@gmail.com"): Text 'miancloud@gmail.com' is set on object 'Object Repository/email_login'

2023-08-04 11:56:40 - [MESSAGE][PASSED] - Text 'miancloud@gmail.com' is set on object 'Object Repository/email_login'

2023-08-04 11:56:40 - [TEST_STEP][PASSED] - setEncryptedText(findTestObject("password_login"), "y99X49qQ/aTapx2EjkpmCw=="): Text ****** has been set on object 'Object Repository/password_login'

2023-08-04 11:56:42 - [MESSAGE][PASSED] - Text ****** has been set on object 'Object Repository/password_login'

2023-08-04 11:56:42 - [TEST_STEP][PASSED] - takeElementScreenshotAsCheckpoint("login_with_acc", findTestObject("LoginObject")): Taking screenshot successfully

2023-08-04 11:56:42 - [MESSAGE][WARNING] - Timeout '0' is invalid. Using default page load timeout: '30'

2023-08-04 11:56:44 - [MESSAGE][INFO] - 0 hidden object(s)

2023-08-04 11:56:44 - [MESSAGE][PASSED] - Taking screenshot successfully
[[ATTACHMENT|keyes/keyes-login_with_acc.png]]

2023-08-04 11:56:44 - [TEST_STEP][PASSED] - click(findTestObject("login_button")): Object: 'Object Repository/login_button' is clicked on

2023-08-04 11:56:46 - [MESSAGE][PASSED] - Object: 'Object Repository/login_button' is clicked on

2023-08-04 11:56:46 - [TEST_STEP][PASSED] - closeBrowser(): Browser is closed

2023-08-04 11:56:46 - [MESSAGE][PASSED] - Browser is closed]]></system-out>
         <system-err><![CDATA[]]></system-err>
      </testcase>
      <system-out><![CDATA[2023-08-04 11:56:16 - [TEST_SUITE][PASSED] - TS visual: Test Cases/Login]]></system-out>
      <system-err><![CDATA[]]></system-err>
   </testsuite>
</testsuites>
